INFO: 2023-07-14T20:35:07 - Ammo Box Def: SRM Ammo was ContentAmmunitionBoxDef, skipping.
INFO: 2023-07-14T20:35:07 - Ammo Box Def: AC/5 Ammo was ContentAmmunitionBoxDef, skipping.
INFO: 2023-07-14T20:35:07 - Ammo Box Def: LRM Ammo was ContentAmmunitionBoxDef, skipping.
INFO: 2023-07-14T20:35:07 - Added Ammo Box Def: SRM Ammo to ammoBoxList with capacity 100
INFO: 2023-07-14T20:35:07 - Added Ammo Box Def: AC/5 Ammo to ammoBoxList with capacity 15
INFO: 2023-07-14T20:35:07 - Added Ammo Box Def: LRM Ammo to ammoBoxList with capacity 120
INFO: 2023-07-14T20:35:07 - Ammo Box Def: AC/20 Ammo was ContentAmmunitionBoxDef, skipping.
INFO: 2023-07-14T20:35:07 - Added Ammo Box Def: AC/20 Ammo to ammoBoxList with capacity 5
INFO: 2023-07-14T20:35:07 - Ammo Box Def: AC/10 Ammo was ContentAmmunitionBoxDef, skipping.
INFO: 2023-07-14T20:35:07 - Ammo Box Def: AC/2 Ammo was ContentAmmunitionBoxDef, skipping.
INFO: 2023-07-14T20:35:07 - Ammo Box Def: AMS Ammo was ContentAmmunitionBoxDef, skipping.
INFO: 2023-07-14T20:35:07 - Ammo Box Def: Flamer Ammo was ContentAmmunitionBoxDef, skipping.
INFO: 2023-07-14T20:35:07 - Ammo Box Def: Gauss Ammo was ContentAmmunitionBoxDef, skipping.
INFO: 2023-07-14T20:35:07 - Ammo Box Def: MG Ammo was ContentAmmunitionBoxDef, skipping.
INFO: 2023-07-14T20:35:07 - Ammo Box Def: LB 10-X Ammo was ContentAmmunitionBoxDef, skipping.
INFO: 2023-07-14T20:35:07 - Ammo Box Def: LB 20-X Ammo was ContentAmmunitionBoxDef, skipping.
INFO: 2023-07-14T20:35:07 - Ammo Box Def: LB 2-X Ammo was ContentAmmunitionBoxDef, skipping.
INFO: 2023-07-14T20:35:07 - Ammo Box Def: LB 5-X Ammo was ContentAmmunitionBoxDef, skipping.
INFO: 2023-07-14T20:35:07 - Ammo Box Def: Narc Beacon Ammo was ContentAmmunitionBoxDef, skipping.
INFO: 2023-07-14T20:35:07 - Ammo Box Def: Inferno SRM Ammo was ContentAmmunitionBoxDef, skipping.
INFO: 2023-07-14T20:35:07 - Ammo Box Def: ATM ST was ContentAmmunitionBoxDef, skipping.
INFO: 2023-07-14T20:35:07 - Ammo Box Def: Heavy Gauss Ammo was ContentAmmunitionBoxDef, skipping.
INFO: 2023-07-14T20:35:07 - Ammo Box Def: iNarc Beacon Ammo was ContentAmmunitionBoxDef, skipping.
INFO: 2023-07-14T20:35:07 - Ammo Box Def: Light Gauss Ammo was ContentAmmunitionBoxDef, skipping.
INFO: 2023-07-14T20:35:07 - Ammo Box Def: MRM Ammo was ContentAmmunitionBoxDef, skipping.
INFO: 2023-07-14T20:35:07 - Ammo Box Def: Rockets was ContentAmmunitionBoxDef, skipping.
INFO: 2023-07-14T20:35:07 - Ammo Box Def: SB Gauss Ammo was ContentAmmunitionBoxDef, skipping.
INFO: 2023-07-14T20:35:07 - Ammo Box Def: Arrow IV Artillery Ammo was ContentAmmunitionBoxDef, skipping.
INFO: 2023-07-14T20:35:07 - Ammo Box Def: ATM ER was ContentAmmunitionBoxDef, skipping.
INFO: 2023-07-14T20:35:07 - Ammo Box Def: ATM HE was ContentAmmunitionBoxDef, skipping.
INFO: 2023-07-14T20:35:07 - Ammo Box Def: Long Tom Artillery Ammo was ContentAmmunitionBoxDef, skipping.
INFO: 2023-07-14T20:35:07 - Ammo Box Def: LRM DF Ammo was ContentAmmunitionBoxDef, skipping.
INFO: 2023-07-14T20:35:07 - Ammo Box Def: Sniper Artillery Ammo was ContentAmmunitionBoxDef, skipping.
INFO: 2023-07-14T20:35:07 - Ammo Box Def: SRM DF Ammo was ContentAmmunitionBoxDef, skipping.
INFO: 2023-07-14T20:35:07 - Ammo Box Def: SRM Inferno was ContentAmmunitionBoxDef, skipping.
INFO: 2023-07-14T20:35:07 - Ammo Box Def: Thumper Artillery Ammo was ContentAmmunitionBoxDef, skipping.
INFO: 2023-07-14T20:35:07 - Ammo Box Def: Rail Gun Ammo was ContentAmmunitionBoxDef, skipping.
INFO: 2023-07-14T20:35:07 - Ammo Box Def: AP AC/10 Ammo was ContentAmmunitionBoxDef, skipping.
INFO: 2023-07-14T20:35:07 - Ammo Box Def: AP AC/20 Ammo was ContentAmmunitionBoxDef, skipping.
INFO: 2023-07-14T20:35:07 - Ammo Box Def: AP AC/2 Ammo was ContentAmmunitionBoxDef, skipping.
INFO: 2023-07-14T20:35:07 - Ammo Box Def: AP AC/5 Ammo was ContentAmmunitionBoxDef, skipping.
INFO: 2023-07-14T20:35:07 - Ammo Box Def: Arrow IV Missile Ammo was ContentAmmunitionBoxDef, skipping.
INFO: 2023-07-14T20:35:07 - Ammo Box Def: Inferno IV Missile Ammo was ContentAmmunitionBoxDef, skipping.
INFO: 2023-07-14T20:35:07 - Ammo Box Def: Cluster Bomb was ContentAmmunitionBoxDef, skipping.
INFO: 2023-07-14T20:35:07 - Ammo Box Def: Laser-Guided Bomb was ContentAmmunitionBoxDef, skipping.
INFO: 2023-07-14T20:35:07 - Ammo Box Def: High-Explosive Bomb was ContentAmmunitionBoxDef, skipping.
INFO: 2023-07-14T20:35:07 - Ammo Box Def: Inferno Bomb was ContentAmmunitionBoxDef, skipping.
INFO: 2023-07-14T20:35:07 - Ammo Box Def: HVAC/10 Ammo was ContentAmmunitionBoxDef, skipping.
INFO: 2023-07-14T20:35:07 - Ammo Box Def: HVAC/2 Ammo was ContentAmmunitionBoxDef, skipping.
INFO: 2023-07-14T20:35:07 - Ammo Box Def: HVAC/5 Ammo was ContentAmmunitionBoxDef, skipping.
INFO: 2023-07-14T20:35:07 - Ammo Box Def: Cluster Long Tom Artillery Ammo was ContentAmmunitionBoxDef, skipping.
INFO: 2023-07-14T20:35:07 - Ammo Box Def: Thunder-Inferno LRM Ammo was ContentAmmunitionBoxDef, skipping.
INFO: 2023-07-14T20:35:07 - Ammo Box Def: Improved Swarm LRM Ammo was ContentAmmunitionBoxDef, skipping.
INFO: 2023-07-14T20:35:07 - Ammo Box Def: Swarm LRM Ammo was ContentAmmunitionBoxDef, skipping.
INFO: 2023-07-14T20:35:07 - Ammo Box Def: Magshot Gauss Rifle Ammo was ContentAmmunitionBoxDef, skipping.
INFO: 2023-07-14T20:35:07 - Ammo Box Def: Plasma Ammo was ContentAmmunitionBoxDef, skipping.
INFO: 2023-07-14T20:35:07 - Ammo Box Def: RAC/2 Ammo was ContentAmmunitionBoxDef, skipping.
INFO: 2023-07-14T20:35:07 - Ammo Box Def: RAC/5 Ammo was ContentAmmunitionBoxDef, skipping.
INFO: 2023-07-14T20:35:07 - Ammo Box Def: TBolt-10 Ammo was ContentAmmunitionBoxDef, skipping.
INFO: 2023-07-14T20:35:07 - Ammo Box Def: TBolt-15 Ammo was ContentAmmunitionBoxDef, skipping.
INFO: 2023-07-14T20:35:07 - Ammo Box Def: TBolt-20 Ammo was ContentAmmunitionBoxDef, skipping.
INFO: 2023-07-14T20:35:07 - Ammo Box Def: TBolt-5 Ammo was ContentAmmunitionBoxDef, skipping.
INFO: 2023-07-14T20:35:07 - Added Ammo Box Def: Flamer Ammo to ammoBoxList with capacity 1
INFO: 2023-07-14T20:35:07 - Added Ammo Box Def: Flamer to ammoBoxList with capacity 6
INFO: 2023-07-14T20:35:07 - Added Ammo Box Def: AC/10 Ammo to ammoBoxList with capacity 10
INFO: 2023-07-14T20:35:07 - Added Ammo Box Def: Thunderbolt 5 Ammo to ammoBoxList with capacity 12
INFO: 2023-07-14T20:35:07 - Added Ammo Box Def: Thunderbolt 20 Ammo to ammoBoxList with capacity 3
INFO: 2023-07-14T20:35:07 - Added Ammo Box Def: Thunderbolt 15 Ammo to ammoBoxList with capacity 4
INFO: 2023-07-14T20:35:07 - Added Ammo Box Def: Thunderbolt 10 Ammo to ammoBoxList with capacity 6
INFO: 2023-07-14T20:35:07 - Added Ammo Box Def: Rotary AC/5 Ammo to ammoBoxList with capacity 20
INFO: 2023-07-14T20:35:07 - Added Ammo Box Def: Rotary AC/2 Ammo to ammoBoxList with capacity 45
INFO: 2023-07-14T20:35:07 - Added Ammo Box Def: Plasma Ammo to ammoBoxList with capacity 10
INFO: 2023-07-14T20:35:07 - Added Ammo Box Def: Magshot Gauss Rifle Ammo to ammoBoxList with capacity 50
INFO: 2023-07-14T20:35:07 - Added Ammo Box Def: Swarm LRM Ammo to ammoBoxList with capacity 120
INFO: 2023-07-14T20:35:07 - Added Ammo Box Def: Improved Swarm LRM Ammo to ammoBoxList with capacity 120
INFO: 2023-07-14T20:35:07 - Added Ammo Box Def: Thunder-Inferno LRM Ammo to ammoBoxList with capacity 60
INFO: 2023-07-14T20:35:07 - Added Ammo Box Def: Cluster Long Tom Artillery Ammo to ammoBoxList with capacity 20
INFO: 2023-07-14T20:35:07 - Added Ammo Box Def: HVAC/5 Ammo to ammoBoxList with capacity 15
INFO: 2023-07-14T20:35:07 - Added Ammo Box Def: HVAC/2 Ammo to ammoBoxList with capacity 30
INFO: 2023-07-14T20:35:07 - Added Ammo Box Def: HVAC/10 Ammo to ammoBoxList with capacity 8
INFO: 2023-07-14T20:35:07 - Added Ammo Box Def: Inferno Bomb to ammoBoxList with capacity 1
INFO: 2023-07-14T20:35:07 - Added Ammo Box Def: High-Explosive Bomb to ammoBoxList with capacity 1
INFO: 2023-07-14T20:35:07 - Added Ammo Box Def: Laser-Guided Bomb to ammoBoxList with capacity 1
INFO: 2023-07-14T20:35:07 - Added Ammo Box Def: Cluster Bomb to ammoBoxList with capacity 1
INFO: 2023-07-14T20:35:07 - Added Ammo Box Def: Inferno IV Missile Ammo to ammoBoxList with capacity 5
INFO: 2023-07-14T20:35:07 - Added Ammo Box Def: Arrow IV Missile Ammo to ammoBoxList with capacity 5
INFO: 2023-07-14T20:35:07 - Added Ammo Box Def: Armor-Piercing AC/5 Ammo to ammoBoxList with capacity 8
INFO: 2023-07-14T20:35:07 - Added Ammo Box Def: Armor-Piercing AC/2 Ammo to ammoBoxList with capacity 12
INFO: 2023-07-14T20:35:07 - Added Ammo Box Def: Armor-Piercing AC/20 Ammo to ammoBoxList with capacity 3
INFO: 2023-07-14T20:35:07 - Added Ammo Box Def: Armor-Piercing AC/10 Ammo to ammoBoxList with capacity 5
INFO: 2023-07-14T20:35:07 - Added Ammo Box Def: Rail Gun Ammo to ammoBoxList with capacity 5
INFO: 2023-07-14T20:35:07 - Added Ammo Box Def: Thumper Artillery Ammo to ammoBoxList with capacity 20
INFO: 2023-07-14T20:35:07 - Added Ammo Box Def: SRM Inferno Ammo to ammoBoxList with capacity 100
INFO: 2023-07-14T20:35:07 - Added Ammo Box Def: SRM Deadfire Ammo to ammoBoxList with capacity 100
INFO: 2023-07-14T20:35:07 - Added Ammo Box Def: Sniper Artillery Ammo to ammoBoxList with capacity 20
INFO: 2023-07-14T20:35:07 - Added Ammo Box Def: LRM Deadfire Ammo to ammoBoxList with capacity 120
INFO: 2023-07-14T20:35:07 - Added Ammo Box Def: Long Tom Artillery Ammo to ammoBoxList with capacity 20
INFO: 2023-07-14T20:35:07 - Added Ammo Box Def: ATM Ammo to ammoBoxList with capacity 60
INFO: 2023-07-14T20:35:07 - Added Ammo Box Def: ATM Ammo to ammoBoxList with capacity 60
INFO: 2023-07-14T20:35:07 - Added Ammo Box Def: Arrow IV Missile Ammo to ammoBoxList with capacity 5
INFO: 2023-07-14T20:35:07 - Added Ammo Box Def: SB Gauss Ammo to ammoBoxList with capacity 8
INFO: 2023-07-14T20:35:07 - Added Ammo Box Def: MRM Ammo to ammoBoxList with capacity 240
INFO: 2023-07-14T20:35:07 - Added Ammo Box Def: Light Gauss Ammo to ammoBoxList with capacity 16
INFO: 2023-07-14T20:35:07 - Added Ammo Box Def: iNarc Beacon Ammo to ammoBoxList with capacity 4
INFO: 2023-07-14T20:35:07 - Added Ammo Box Def: Heavy Gauss Ammo to ammoBoxList with capacity 4
INFO: 2023-07-14T20:35:07 - Added Ammo Box Def: ATM Ammo to ammoBoxList with capacity 60
INFO: 2023-07-14T20:35:07 - Added Ammo Box Def: Extended FuelTank to ammoBoxList with capacity 18
INFO: 2023-07-14T20:35:07 - Added Ammo Box Def: Sniper Ammo to ammoBoxList with capacity 10
INFO: 2023-07-14T20:35:07 - Added Ammo Box Def: Long Tom Ammo to ammoBoxList with capacity 5
INFO: 2023-07-14T20:35:07 - Added Ammo Box Def: Inferno Ammo to ammoBoxList with capacity 16
INFO: 2023-07-14T20:35:07 - Added Ammo Box Def: Narc Beacon Ammo to ammoBoxList with capacity 6
INFO: 2023-07-14T20:35:07 - Added Ammo Box Def: LB 5-X Cluster Ammo to ammoBoxList with capacity 15
INFO: 2023-07-14T20:35:07 - Added Ammo Box Def: LB 2-X Cluster Ammo to ammoBoxList with capacity 25
INFO: 2023-07-14T20:35:07 - Added Ammo Box Def: LB 20-X Cluster Ammo to ammoBoxList with capacity 5
INFO: 2023-07-14T20:35:07 - Added Ammo Box Def: LB 10-X Cluster Ammo to ammoBoxList with capacity 8
INFO: 2023-07-14T20:35:07 - Added Ammo Box Def: MG Ammo to ammoBoxList with capacity 100
INFO: 2023-07-14T20:35:07 - Added Ammo Box Def: MG Ammo to ammoBoxList with capacity 200
INFO: 2023-07-14T20:35:07 - Added Ammo Box Def: Gauss Ammo to ammoBoxList with capacity 8
INFO: 2023-07-14T20:35:07 - Added Ammo Box Def: AC/2 Ammo to ammoBoxList with capacity 25
INFO: 2023-07-14T20:35:07 - Added Ammo Def: SRM Ammo to ammoList
INFO: 2023-07-14T20:35:07 - Added Ammo Def: AC/5 Ammo to ammoList
INFO: 2023-07-14T20:35:07 - Added Ammo Def: LRM Ammo to ammoList
INFO: 2023-07-14T20:35:07 - Added Ammo Def: AC/20 Ammo to ammoList
INFO: 2023-07-14T20:35:07 - Added Ammo Def: AC/10 Ammo to ammoList
INFO: 2023-07-14T20:35:07 - Added Ammo Def: AC/2 Ammo to ammoList
INFO: 2023-07-14T20:35:07 - Added Ammo Def: AMS Ammo to ammoList
INFO: 2023-07-14T20:35:07 - Added Ammo Def: Flamer Ammo to ammoList
INFO: 2023-07-14T20:35:07 - Added Ammo Def: Gauss Ammo to ammoList
INFO: 2023-07-14T20:35:07 - Added Ammo Def: MG Ammo to ammoList
INFO: 2023-07-14T20:35:07 - Added Ammo Def: LB 10-X Ammo to ammoList
INFO: 2023-07-14T20:35:07 - Added Ammo Def: LB 20-X Ammo to ammoList
INFO: 2023-07-14T20:35:07 - Added Ammo Def: LB 2-X Ammo to ammoList
INFO: 2023-07-14T20:35:07 - Added Ammo Def: LB 5-X Ammo to ammoList
INFO: 2023-07-14T20:35:07 - Added Ammo Def: Narc Beacon Ammo to ammoList
INFO: 2023-07-14T20:35:07 - Added Ammo Def: Inferno SRM Ammo to ammoList
INFO: 2023-07-14T20:35:07 - Added Ammo Def: ATM ST to ammoList
INFO: 2023-07-14T20:35:07 - Added Ammo Def: Heavy Gauss Ammo to ammoList
INFO: 2023-07-14T20:35:07 - Added Ammo Def: iNarc Beacon Ammo to ammoList
INFO: 2023-07-14T20:35:07 - Added Ammo Def: Light Gauss Ammo to ammoList
INFO: 2023-07-14T20:35:07 - Added Ammo Def: MRM Ammo to ammoList
INFO: 2023-07-14T20:35:07 - Added Ammo Def: Rockets to ammoList
INFO: 2023-07-14T20:35:07 - Added Ammo Def: SB Gauss Ammo to ammoList
INFO: 2023-07-14T20:35:07 - Added Ammo Def: Arrow IV Artillery Ammo to ammoList
INFO: 2023-07-14T20:35:07 - Added Ammo Def: ATM ER to ammoList
INFO: 2023-07-14T20:35:07 - Added Ammo Def: ATM HE to ammoList
INFO: 2023-07-14T20:35:07 - Added Ammo Def: Long Tom Artillery Ammo to ammoList
INFO: 2023-07-14T20:35:07 - Added Ammo Def: LRM DF Ammo to ammoList
INFO: 2023-07-14T20:35:07 - Added Ammo Def: Sniper Artillery Ammo to ammoList
INFO: 2023-07-14T20:35:07 - Added Ammo Def: SRM DF Ammo to ammoList
INFO: 2023-07-14T20:35:07 - Added Ammo Def: SRM Inferno to ammoList
INFO: 2023-07-14T20:35:07 - Added Ammo Def: Thumper Artillery Ammo to ammoList
INFO: 2023-07-14T20:35:07 - Added Ammo Def: Rail Gun Ammo to ammoList
INFO: 2023-07-14T20:35:07 - Added Ammo Def: AP AC/10 Ammo to ammoList
INFO: 2023-07-14T20:35:07 - Added Ammo Def: AP AC/20 Ammo to ammoList
INFO: 2023-07-14T20:35:07 - Added Ammo Def: AP AC/2 Ammo to ammoList
INFO: 2023-07-14T20:35:07 - Added Ammo Def: AP AC/5 Ammo to ammoList
INFO: 2023-07-14T20:35:07 - Added Ammo Def: Arrow IV Missile Ammo to ammoList
INFO: 2023-07-14T20:35:07 - Added Ammo Def: Inferno IV Missile Ammo to ammoList
INFO: 2023-07-14T20:35:07 - Added Ammo Def: Cluster Bomb to ammoList
INFO: 2023-07-14T20:35:07 - Added Ammo Def: Laser-Guided Bomb to ammoList
INFO: 2023-07-14T20:35:07 - Added Ammo Def: High-Explosive Bomb to ammoList
INFO: 2023-07-14T20:35:07 - Added Ammo Def: Inferno Bomb to ammoList
INFO: 2023-07-14T20:35:07 - Added Ammo Def: HVAC/10 Ammo to ammoList
INFO: 2023-07-14T20:35:07 - Added Ammo Def: HVAC/2 Ammo to ammoList
INFO: 2023-07-14T20:35:07 - Added Ammo Def: HVAC/5 Ammo to ammoList
INFO: 2023-07-14T20:35:07 - Added Ammo Def: Cluster Long Tom Artillery Ammo to ammoList
INFO: 2023-07-14T20:35:07 - Added Ammo Def: Thunder-Inferno LRM Ammo to ammoList
INFO: 2023-07-14T20:35:07 - Added Ammo Def: Improved Swarm LRM Ammo to ammoList
INFO: 2023-07-14T20:35:07 - Added Ammo Def: Swarm LRM Ammo to ammoList
INFO: 2023-07-14T20:35:07 - Added Ammo Def: Magshot Gauss Rifle Ammo to ammoList
INFO: 2023-07-14T20:35:07 - Added Ammo Def: Plasma Ammo to ammoList
INFO: 2023-07-14T20:35:07 - Added Ammo Def: RAC/2 Ammo to ammoList
INFO: 2023-07-14T20:35:07 - Added Ammo Def: RAC/5 Ammo to ammoList
INFO: 2023-07-14T20:35:07 - Added Ammo Def: TBolt-10 Ammo to ammoList
INFO: 2023-07-14T20:35:07 - Added Ammo Def: TBolt-15 Ammo to ammoList
INFO: 2023-07-14T20:35:07 - Added Ammo Def: TBolt-20 Ammo to ammoList
INFO: 2023-07-14T20:35:07 - Added Ammo Def: TBolt-5 Ammo to ammoList
INFO: 2023-07-14T20:35:07 - Initialized AmmoHolder
INFO: 2023-07-14T20:35:50 - Roll of 0.386618326132474 >= 0.35; not shuffling!
INFO: 2023-07-14T20:35:50 - Roll of 0.494597859910968 >= 0.35; not shuffling!
INFO: 2023-07-14T20:35:51 - Roll of 0.797762133552582 >= 0.35; not shuffling!
INFO: 2023-07-14T20:35:51 - Roll of 0.93730612003119 >= 0.35; not shuffling!
INFO: 2023-07-14T20:35:51 - Roll of 0.686480626783557 >= 0.35; not shuffling!
